  mainFlow.cpp
v:\github\-csed232-oop\csed232_assn01\libkano.h(228): warning C4800: 'int': forcing value to bool 'true' or 'false' (performance warning)
v:\github\-csed232-oop\csed232_assn01\libkano.h(246): warning C4800: 'int': forcing value to bool 'true' or 'false' (performance warning)
v:\github\-csed232-oop\csed232_assn01\libkano.h(462): warning C4267: '=': conversion from 'size_t' to 'int', possible loss of data
v:\github\-csed232-oop\csed232_assn01\products.h(38): warning C4244: '=': conversion from 'float' to 'int', possible loss of data
v:\github\-csed232-oop\csed232_assn01\products.h(39): warning C4244: '=': conversion from 'float' to 'int', possible loss of data
v:\github\-csed232-oop\csed232_assn01\products.h(232): warning C4244: '=': conversion from 'float' to 'int', possible loss of data
v:\github\-csed232-oop\csed232_assn01\products.h(233): warning C4244: '=': conversion from 'float' to 'int', possible loss of data
v:\github\-csed232-oop\csed232_assn01\products.h(425): warning C4244: '=': conversion from 'float' to 'int', possible loss of data
v:\github\-csed232-oop\csed232_assn01\products.h(426): warning C4244: '=': conversion from 'float' to 'int', possible loss of data
v:\github\-csed232-oop\csed232_assn01\products.h(618): warning C4244: '=': conversion from 'float' to 'int', possible loss of data
v:\github\-csed232-oop\csed232_assn01\products.h(619): warning C4244: '=': conversion from 'float' to 'int', possible loss of data
v:\github\-csed232-oop\csed232_assn01\mainflow.cpp(23): warning C4305: 'argument': truncation from 'double' to 'float'
  Functions.cpp
v:\github\-csed232-oop\csed232_assn01\libkano.h(228): warning C4800: 'int': forcing value to bool 'true' or 'false' (performance warning)
v:\github\-csed232-oop\csed232_assn01\libkano.h(246): warning C4800: 'int': forcing value to bool 'true' or 'false' (performance warning)
v:\github\-csed232-oop\csed232_assn01\libkano.h(462): warning C4267: '=': conversion from 'size_t' to 'int', possible loss of data
v:\github\-csed232-oop\csed232_assn01\products.h(38): warning C4244: '=': conversion from 'float' to 'int', possible loss of data
v:\github\-csed232-oop\csed232_assn01\products.h(39): warning C4244: '=': conversion from 'float' to 'int', possible loss of data
v:\github\-csed232-oop\csed232_assn01\products.h(232): warning C4244: '=': conversion from 'float' to 'int', possible loss of data
v:\github\-csed232-oop\csed232_assn01\products.h(233): warning C4244: '=': conversion from 'float' to 'int', possible loss of data
v:\github\-csed232-oop\csed232_assn01\products.h(425): warning C4244: '=': conversion from 'float' to 'int', possible loss of data
v:\github\-csed232-oop\csed232_assn01\products.h(426): warning C4244: '=': conversion from 'float' to 'int', possible loss of data
v:\github\-csed232-oop\csed232_assn01\products.h(618): warning C4244: '=': conversion from 'float' to 'int', possible loss of data
v:\github\-csed232-oop\csed232_assn01\products.h(619): warning C4244: '=': conversion from 'float' to 'int', possible loss of data
  Flows.cpp
v:\github\-csed232-oop\csed232_assn01\libkano.h(228): warning C4800: 'int': forcing value to bool 'true' or 'false' (performance warning)
v:\github\-csed232-oop\csed232_assn01\libkano.h(246): warning C4800: 'int': forcing value to bool 'true' or 'false' (performance warning)
v:\github\-csed232-oop\csed232_assn01\libkano.h(462): warning C4267: '=': conversion from 'size_t' to 'int', possible loss of data
v:\github\-csed232-oop\csed232_assn01\products.h(38): warning C4244: '=': conversion from 'float' to 'int', possible loss of data
v:\github\-csed232-oop\csed232_assn01\products.h(39): warning C4244: '=': conversion from 'float' to 'int', possible loss of data
v:\github\-csed232-oop\csed232_assn01\products.h(232): warning C4244: '=': conversion from 'float' to 'int', possible loss of data
v:\github\-csed232-oop\csed232_assn01\products.h(233): warning C4244: '=': conversion from 'float' to 'int', possible loss of data
v:\github\-csed232-oop\csed232_assn01\products.h(425): warning C4244: '=': conversion from 'float' to 'int', possible loss of data
v:\github\-csed232-oop\csed232_assn01\products.h(426): warning C4244: '=': conversion from 'float' to 'int', possible loss of data
v:\github\-csed232-oop\csed232_assn01\products.h(618): warning C4244: '=': conversion from 'float' to 'int', possible loss of data
v:\github\-csed232-oop\csed232_assn01\products.h(619): warning C4244: '=': conversion from 'float' to 'int', possible loss of data
v:\github\-csed232-oop\csed232_assn01\flows.cpp(80): warning C4244: 'argument': conversion from 'double' to 'float', possible loss of data
v:\github\-csed232-oop\csed232_assn01\flows.cpp(114): warning C4244: 'argument': conversion from 'double' to 'float', possible loss of data
v:\github\-csed232-oop\csed232_assn01\flows.cpp(148): warning C4244: 'argument': conversion from 'double' to 'float', possible loss of data
v:\github\-csed232-oop\csed232_assn01\flows.cpp(182): warning C4244: 'argument': conversion from 'double' to 'float', possible loss of data
v:\github\-csed232-oop\csed232_assn01\flows.cpp(223): warning C4244: 'argument': conversion from 'double' to 'float', possible loss of data
v:\github\-csed232-oop\csed232_assn01\flows.cpp(257): warning C4244: 'argument': conversion from 'double' to 'float', possible loss of data
v:\github\-csed232-oop\csed232_assn01\flows.cpp(291): warning C4244: 'argument': conversion from 'double' to 'float', possible loss of data
v:\github\-csed232-oop\csed232_assn01\flows.cpp(325): warning C4244: 'argument': conversion from 'double' to 'float', possible loss of data
v:\github\-csed232-oop\csed232_assn01\flows.cpp(539): warning C4101: 'sCost': unreferenced local variable
  Generating Code...
  CSED232_ASSN01.vcxproj -> V:\Github\-CSED232-OOP\x64\Debug\CSED232_ASSN01.exe
